f:\facerecognizerserver\facelibarayserver\facelibarayserver\x64\debug\vc120.pdb
f:\facerecognizerserver\facelibarayserver\facelibarayserver\x64\debug\vc120.idb
f:\facerecognizerserver\facelibarayserver\facelibarayserver\x64\debug\main.obj
f:\facerecognizerserver\facelibarayserver\facelibarayserver\x64\debug\testfacerecognizer.obj
f:\facerecognizerserver\facelibarayserver\facelibarayserver\x64\debug\testsender.obj
f:\facerecognizerserver\facelibarayserver\facelibarayserver\x64\debug\myfacerecognizer.obj
f:\facerecognizerserver\facelibarayserver\facelibarayserver\x64\debug\test.obj
f:\facerecognizerserver\facelibarayserver\facelibarayserver\x64\debug\testutil.obj
f:\facerecognizerserver\facelibarayserver\x64\debug\face.pdb
f:\facerecognizerserver\facelibarayserver\facelibarayserver\x64\debug\facelibr.df7b0265.tlog\cl.command.1.tlog
f:\facerecognizerserver\facelibarayserver\facelibarayserver\x64\debug\facelibr.df7b0265.tlog\cl.read.1.tlog
f:\facerecognizerserver\facelibarayserver\facelibarayserver\x64\debug\facelibr.df7b0265.tlog\cl.write.1.tlog
f:\facerecognizerserver\facelibarayserver\facelibarayserver\x64\debug\facelibr.df7b0265.tlog\link-cvtres.read.1.tlog
f:\facerecognizerserver\facelibarayserver\facelibarayserver\x64\debug\facelibr.df7b0265.tlog\link-cvtres.write.1.tlog
f:\facerecognizerserver\facelibarayserver\facelibarayserver\x64\debug\facelibr.df7b0265.tlog\link-rc.read.1.tlog
f:\facerecognizerserver\facelibarayserver\facelibarayserver\x64\debug\facelibr.df7b0265.tlog\link-rc.write.1.tlog
f:\facerecognizerserver\facelibarayserver\facelibarayserver\x64\debug\facelibr.df7b0265.tlog\link.2544-cvtres.read.1.tlog
f:\facerecognizerserver\facelibarayserver\facelibarayserver\x64\debug\facelibr.df7b0265.tlog\link.2544-cvtres.write.1.tlog
f:\facerecognizerserver\facelibarayserver\facelibarayserver\x64\debug\facelibr.df7b0265.tlog\link.2544-rc.read.1.tlog
f:\facerecognizerserver\facelibarayserver\facelibarayserver\x64\debug\facelibr.df7b0265.tlog\link.2544-rc.write.1.tlog
f:\facerecognizerserver\facelibarayserver\facelibarayserver\x64\debug\facelibr.df7b0265.tlog\link.2544.read.1.tlog
f:\facerecognizerserver\facelibarayserver\facelibarayserver\x64\debug\facelibr.df7b0265.tlog\link.2544.write.1.tlog
f:\facerecognizerserver\facelibarayserver\facelibarayserver\x64\debug\facelibr.df7b0265.tlog\link.command.1.tlog
f:\facerecognizerserver\facelibarayserver\facelibarayserver\x64\debug\facelibr.df7b0265.tlog\link.read.1.tlog
f:\facerecognizerserver\facelibarayserver\facelibarayserver\x64\debug\facelibr.df7b0265.tlog\link.write.1.tlog
